D:\PROG\C++\HOMEWORK7\TASK7.1\DEBUG\TASK7.1.EXE
D:\PROG\C++\HOMEWORK7\TASK7.1\DEBUG\TASK7.1.ILK
D:\PROG\C++\HOMEWORK7\TASK7.1\DEBUG\TASK7.1.PDB
D:\PROG\C++\HOMEWORK7\TASK7.1\TASK7.1\DEBUG\LIST.OBJ
D:\PROG\C++\HOMEWORK7\TASK7.1\TASK7.1\DEBUG\LIST1.OBJ
D:\PROG\C++\HOMEWORK7\TASK7.1\TASK7.1\DEBUG\LIST2.OBJ
D:\PROG\C++\HOMEWORK7\TASK7.1\TASK7.1\DEBUG\LISTARRAY.OBJ
D:\PROG\C++\HOMEWORK7\TASK7.1\TASK7.1\DEBUG\LISTPOINT.OBJ
D:\PROG\C++\HOMEWORK7\TASK7.1\TASK7.1\DEBUG\MAIN.OBJ
D:\PROG\C++\HOMEWORK7\TASK7.1\TASK7.1\DEBUG\SORT.OBJ
D:\PROG\C++\HOMEWORK7\TASK7.1\TASK7.1\DEBUG\TASK7.1.EXE.EMBED.MANIFEST
D:\PROG\C++\HOMEWORK7\TASK7.1\TASK7.1\DEBUG\TASK7.1.EXE.EMBED.MANIFEST.RES
D:\PROG\C++\HOMEWORK7\TASK7.1\TASK7.1\DEBUG\TASK7.1.EXE.INTERMEDIATE.MANIFEST
D:\PROG\C++\HOMEWORK7\TASK7.1\TASK7.1\DEBUG\VC100.PDB
D:\PROG\TO SEND\TASK7.1\DEBUG\TASK7.1.EXE
D:\PROG\TO SEND\TASK7.1\DEBUG\TASK7.1.ILK
D:\PROG\TO SEND\TASK7.1\DEBUG\TASK7.1.PDB
D:\Prog\to send\Task7.1\Task7.1\Debug\cl.command.1.tlog
D:\Prog\to send\Task7.1\Task7.1\Debug\CL.read.1.tlog
D:\Prog\to send\Task7.1\Task7.1\Debug\CL.write.1.tlog
D:\Prog\to send\Task7.1\Task7.1\Debug\link.12176.read.1.tlog
D:\Prog\to send\Task7.1\Task7.1\Debug\link.12176.write.1.tlog
D:\Prog\to send\Task7.1\Task7.1\Debug\link.12176-cvtres.read.1.tlog
D:\Prog\to send\Task7.1\Task7.1\Debug\link.12176-cvtres.write.1.tlog
D:\Prog\to send\Task7.1\Task7.1\Debug\link.19644.read.1.tlog
D:\Prog\to send\Task7.1\Task7.1\Debug\link.19644.write.1.tlog
D:\Prog\to send\Task7.1\Task7.1\Debug\link.19644-cvtres.read.1.tlog
D:\Prog\to send\Task7.1\Task7.1\Debug\link.19644-cvtres.write.1.tlog
D:\Prog\to send\Task7.1\Task7.1\Debug\link.command.1.tlog
D:\Prog\to send\Task7.1\Task7.1\Debug\link.read.1.tlog
D:\Prog\to send\Task7.1\Task7.1\Debug\link.write.1.tlog
D:\Prog\to send\Task7.1\Task7.1\Debug\link-cvtres.read.1.tlog
D:\Prog\to send\Task7.1\Task7.1\Debug\link-cvtres.write.1.tlog
D:\Prog\to send\Task7.1\Task7.1\Debug\list.obj
D:\Prog\to send\Task7.1\Task7.1\Debug\list1.obj
D:\Prog\to send\Task7.1\Task7.1\Debug\list2.obj
D:\PROG\TO SEND\TASK7.1\TASK7.1\DEBUG\LISTARRAY.OBJ
D:\PROG\TO SEND\TASK7.1\TASK7.1\DEBUG\LISTPOINT.OBJ
D:\PROG\TO SEND\TASK7.1\TASK7.1\DEBUG\MAIN.OBJ
D:\Prog\to send\Task7.1\Task7.1\Debug\mt.command.1.tlog
D:\Prog\to send\Task7.1\Task7.1\Debug\mt.read.1.tlog
D:\Prog\to send\Task7.1\Task7.1\Debug\mt.write.1.tlog
D:\Prog\to send\Task7.1\Task7.1\Debug\rc.command.1.tlog
D:\Prog\to send\Task7.1\Task7.1\Debug\rc.read.1.tlog
D:\Prog\to send\Task7.1\Task7.1\Debug\rc.write.1.tlog
D:\PROG\TO SEND\TASK7.1\TASK7.1\DEBUG\SORT.OBJ
D:\Prog\to send\Task7.1\Task7.1\Debug\Task7.1.exe.embed.manifest
D:\PROG\TO SEND\TASK7.1\TASK7.1\DEBUG\TASK7.1.EXE.EMBED.MANIFEST.RES
D:\PROG\TO SEND\TASK7.1\TASK7.1\DEBUG\TASK7.1.EXE.INTERMEDIATE.MANIFEST
D:\Prog\to send\Task7.1\Task7.1\Debug\Task7.1.ilk
D:\Prog\to send\Task7.1\Task7.1\Debug\Task7.1.pdb
D:\Prog\to send\Task7.1\Task7.1\Debug\Task7.1_manifest.rc
D:\Prog\to send\Task7.1\Task7.1\Debug\vc100.idb
D:\PROG\TO SEND\TASK7.1\TASK7.1\DEBUG\VC100.PDB
