Построение начато 30.11.2011 0:47:31.
     1>Проект "D:\Prog\C++\Homework6\Task6.4\Task6.4\Task6.4.vcxproj" в узле 2 (целевые объекты build).
     1>InitializeBuildStatus:
         Создание "Debug\Task6.4.unsuccessfulbuild", так как было задано "AlwaysCreate".
       ClCompile:
         C:\Program Files (x86)\Microsoft Visual Studio 10.0\VC\bin\CL.exe /c /ZI /nologo /W3 /WX- /Od /Oy- /D WIN32 /D _DEBUG /D _CONSOLE /D _UNICODE /D UNICODE /Gm /EHsc /RTC1 /MDd /GS /fp:precise /Zc:wchar_t /Zc:forScope /Fo"Debug\\" /Fd"Debug\vc100.pdb" /Gd /TP /analyze- /errorReport:prompt main.cpp
         main.cpp
     1>d:\prog\c++\homework6\task6.4\task6.4\main.cpp(15): warning C4715: prior: значение возвращается не при всех путях выполнения
     1>d:\prog\c++\homework6\task6.4\task6.4\main.cpp(27): warning C4715: type: значение возвращается не при всех путях выполнения
       ManifestResourceCompile:
         Для всех выходных данных обновления не требуется.
       Link:
         C:\Program Files (x86)\Microsoft Visual Studio 10.0\VC\bin\link.exe /ERRORREPORT:PROMPT /OUT:"D:\Prog\C++\Homework6\Task6.4\Debug\Task6.4.exe" /INCREMENTAL /NOLOGO kernel32.lib user32.lib gdi32.lib winspool.lib comdlg32.lib advapi32.lib shell32.lib ole32.lib oleaut32.lib uuid.lib odbc32.lib odbccp32.lib /MANIFEST /ManifestFile:"Debug\Task6.4.exe.intermediate.manifest" /MANIFESTUAC:"level='asInvoker' uiAccess='false'" /DEBUG /PDB:"D:\Prog\C++\Homework6\Task6.4\Debug\Task6.4.pdb" /SUBSYSTEM:CONSOLE /TLBID:1 /DYNAMICBASE /NXCOMPAT /IMPLIB:"D:\Prog\C++\Homework6\Task6.4\Debug\Task6.4.lib" /MACHINE:X86 Debug\Task6.4.exe.embed.manifest.res
         Debug\main.obj
         Debug\stack.obj
       Manifest:
         C:\Program Files (x86)\Microsoft SDKs\Windows\v7.0A\bin\mt.exe /nologo /verbose /out:"Debug\Task6.4.exe.embed.manifest" /manifest Debug\Task6.4.exe.intermediate.manifest
         Для всех выходных данных обновления не требуется.
       LinkEmbedManifest:
         Для всех выходных данных обновления не требуется.
         Task6.4.vcxproj -> D:\Prog\C++\Homework6\Task6.4\Debug\Task6.4.exe
       FinalizeBuildStatus:
         Файл "Debug\Task6.4.unsuccessfulbuild" удаляется.
         Обращение к "Debug\Task6.4.lastbuildstate".
     1>Построение проекта "D:\Prog\C++\Homework6\Task6.4\Task6.4\Task6.4.vcxproj" завершено (целевые объекты build).

Построение успешно завершено.

Затраченное время: 00:00:01.26
