D:\PROG\C++\HOMEWORK9\TASK9.1\DEBUG\TASK9.1.EXE
D:\PROG\C++\HOMEWORK9\TASK9.1\DEBUG\TASK9.1.ILK
D:\PROG\C++\HOMEWORK9\TASK9.1\DEBUG\TASK9.1.PDB
D:\Prog\C++\Homework9\Task9.1\Task9.1\Debug\cl.command.1.tlog
D:\Prog\C++\Homework9\Task9.1\Task9.1\Debug\CL.read.1.tlog
D:\Prog\C++\Homework9\Task9.1\Task9.1\Debug\CL.write.1.tlog
D:\Prog\C++\Homework9\Task9.1\Task9.1\Debug\link.26476.read.1.tlog
D:\Prog\C++\Homework9\Task9.1\Task9.1\Debug\link.26476.write.1.tlog
D:\Prog\C++\Homework9\Task9.1\Task9.1\Debug\link.26476-cvtres.read.1.tlog
D:\Prog\C++\Homework9\Task9.1\Task9.1\Debug\link.26476-cvtres.write.1.tlog
D:\Prog\C++\Homework9\Task9.1\Task9.1\Debug\link.4024.read.1.tlog
D:\Prog\C++\Homework9\Task9.1\Task9.1\Debug\link.4024.write.1.tlog
D:\Prog\C++\Homework9\Task9.1\Task9.1\Debug\link.4024-cvtres.read.1.tlog
D:\Prog\C++\Homework9\Task9.1\Task9.1\Debug\link.4024-cvtres.write.1.tlog
D:\Prog\C++\Homework9\Task9.1\Task9.1\Debug\link.command.1.tlog
D:\Prog\C++\Homework9\Task9.1\Task9.1\Debug\link.read.1.tlog
D:\Prog\C++\Homework9\Task9.1\Task9.1\Debug\link.write.1.tlog
D:\Prog\C++\Homework9\Task9.1\Task9.1\Debug\link-cvtres.read.1.tlog
D:\Prog\C++\Homework9\Task9.1\Task9.1\Debug\link-cvtres.write.1.tlog
D:\PROG\C++\HOMEWORK9\TASK9.1\TASK9.1\DEBUG\MAIN.OBJ
D:\PROG\C++\HOMEWORK9\TASK9.1\TASK9.1\DEBUG\MAP.OBJ
D:\Prog\C++\Homework9\Task9.1\Task9.1\Debug\mt.command.1.tlog
D:\Prog\C++\Homework9\Task9.1\Task9.1\Debug\mt.read.1.tlog
D:\Prog\C++\Homework9\Task9.1\Task9.1\Debug\mt.write.1.tlog
D:\Prog\C++\Homework9\Task9.1\Task9.1\Debug\rc.command.1.tlog
D:\Prog\C++\Homework9\Task9.1\Task9.1\Debug\rc.read.1.tlog
D:\Prog\C++\Homework9\Task9.1\Task9.1\Debug\rc.write.1.tlog
D:\PROG\C++\HOMEWORK9\TASK9.1\TASK9.1\DEBUG\TASK9.1.EXE.EMBED.MANIFEST
D:\PROG\C++\HOMEWORK9\TASK9.1\TASK9.1\DEBUG\TASK9.1.EXE.EMBED.MANIFEST.RES
D:\PROG\C++\HOMEWORK9\TASK9.1\TASK9.1\DEBUG\TASK9.1.EXE.INTERMEDIATE.MANIFEST
D:\Prog\C++\Homework9\Task9.1\Task9.1\Debug\Task9.1_manifest.rc
D:\Prog\C++\Homework9\Task9.1\Task9.1\Debug\vc100.idb
D:\PROG\C++\HOMEWORK9\TASK9.1\TASK9.1\DEBUG\VC100.PDB
