Построение начато 25.12.2011 18:11:21.
     1>Проект "D:\Prog\C++\Homework8\Task8.1_r\Task8.1_r\Task8.1_r.vcxproj" в узле 2 (целевые объекты build).
     1>InitializeBuildStatus:
         Обращение к "Debug\Task8.1_r.unsuccessfulbuild".
       ClCompile:
         C:\Program Files (x86)\Microsoft Visual Studio 10.0\VC\bin\CL.exe /c /ZI /nologo /W3 /WX- /Od /Oy- /D WIN32 /D _DEBUG /D _CONSOLE /D _UNICODE /D UNICODE /Gm /EHsc /RTC1 /MDd /GS /fp:precise /Zc:wchar_t /Zc:forScope /Fo"Debug\\" /Fd"Debug\vc100.pdb" /Gd /TP /analyze- /errorReport:prompt hashTable.cpp main.cpp
         hashTable.cpp
     1>d:\prog\c++\homework8\task8.1_r\task8.1_r\hashtable.cpp(14): warning C4018: <: несоответствие типов со знаком и без знака
         Создание кода...
         Компиляция...
         main.cpp
     1>d:\prog\c++\homework8\task8.1_r\task8.1_r\main.cpp(35): warning C4018: <: несоответствие типов со знаком и без знака
         Создание кода...
       ManifestResourceCompile:
         Для всех выходных данных обновления не требуется.
       Link:
         C:\Program Files (x86)\Microsoft Visual Studio 10.0\VC\bin\link.exe /ERRORREPORT:PROMPT /OUT:"D:\Prog\C++\Homework8\Task8.1_r\Debug\Task8.1_r.exe" /INCREMENTAL /NOLOGO kernel32.lib user32.lib gdi32.lib winspool.lib comdlg32.lib advapi32.lib shell32.lib ole32.lib oleaut32.lib uuid.lib odbc32.lib odbccp32.lib /MANIFEST /ManifestFile:"Debug\Task8.1_r.exe.intermediate.manifest" /MANIFESTUAC:"level='asInvoker' uiAccess='false'" /DEBUG /PDB:"D:\Prog\C++\Homework8\Task8.1_r\Debug\Task8.1_r.pdb" /SUBSYSTEM:CONSOLE /TLBID:1 /DYNAMICBASE /NXCOMPAT /IMPLIB:"D:\Prog\C++\Homework8\Task8.1_r\Debug\Task8.1_r.lib" /MACHINE:X86 Debug\Task8.1_r.exe.embed.manifest.res
         Debug\hashTable.obj
         Debug\list.obj
         Debug\main.obj
       Manifest:
         C:\Program Files (x86)\Microsoft SDKs\Windows\v7.0A\bin\mt.exe /nologo /verbose /out:"Debug\Task8.1_r.exe.embed.manifest" /manifest Debug\Task8.1_r.exe.intermediate.manifest
         Для всех выходных данных обновления не требуется.
       LinkEmbedManifest:
         Для всех выходных данных обновления не требуется.
         Task8.1_r.vcxproj -> D:\Prog\C++\Homework8\Task8.1_r\Debug\Task8.1_r.exe
       FinalizeBuildStatus:
         Файл "Debug\Task8.1_r.unsuccessfulbuild" удаляется.
         Обращение к "Debug\Task8.1_r.lastbuildstate".
     1>Построение проекта "D:\Prog\C++\Homework8\Task8.1_r\Task8.1_r\Task8.1_r.vcxproj" завершено (целевые объекты build).

Построение успешно завершено.

Затраченное время: 00:00:01.40
