D:\Prog\C++\Homework8\Task8.1_r\Debug\Task8.1_r.exe
D:\Prog\C++\Homework8\Task8.1_r\Debug\Task8.1_r.ilk
D:\Prog\C++\Homework8\Task8.1_r\Debug\Task8.1_r.pdb
D:\Prog\C++\Homework8\Task8.1_r\Task8.1_r\Debug\cl.command.1.tlog
D:\Prog\C++\Homework8\Task8.1_r\Task8.1_r\Debug\CL.read.1.tlog
D:\Prog\C++\Homework8\Task8.1_r\Task8.1_r\Debug\CL.write.1.tlog
D:\PROG\C++\HOMEWORK8\TASK8.1_R\TASK8.1_R\DEBUG\HASHTABLE.OBJ
D:\Prog\C++\Homework8\Task8.1_r\Task8.1_r\Debug\link.9744.read.1.tlog
D:\Prog\C++\Homework8\Task8.1_r\Task8.1_r\Debug\link.9744.write.1.tlog
D:\Prog\C++\Homework8\Task8.1_r\Task8.1_r\Debug\link.9744-cvtres.read.1.tlog
D:\Prog\C++\Homework8\Task8.1_r\Task8.1_r\Debug\link.9744-cvtres.write.1.tlog
D:\Prog\C++\Homework8\Task8.1_r\Task8.1_r\Debug\link.command.1.tlog
D:\Prog\C++\Homework8\Task8.1_r\Task8.1_r\Debug\link.read.1.tlog
D:\Prog\C++\Homework8\Task8.1_r\Task8.1_r\Debug\link.write.1.tlog
D:\Prog\C++\Homework8\Task8.1_r\Task8.1_r\Debug\link-cvtres.read.1.tlog
D:\Prog\C++\Homework8\Task8.1_r\Task8.1_r\Debug\link-cvtres.write.1.tlog
D:\PROG\C++\HOMEWORK8\TASK8.1_R\TASK8.1_R\DEBUG\LIST.OBJ
D:\PROG\C++\HOMEWORK8\TASK8.1_R\TASK8.1_R\DEBUG\MAIN.OBJ
D:\Prog\C++\Homework8\Task8.1_r\Task8.1_r\Debug\mt.command.1.tlog
D:\Prog\C++\Homework8\Task8.1_r\Task8.1_r\Debug\mt.read.1.tlog
D:\Prog\C++\Homework8\Task8.1_r\Task8.1_r\Debug\mt.write.1.tlog
D:\Prog\C++\Homework8\Task8.1_r\Task8.1_r\Debug\rc.command.1.tlog
D:\Prog\C++\Homework8\Task8.1_r\Task8.1_r\Debug\rc.read.1.tlog
D:\Prog\C++\Homework8\Task8.1_r\Task8.1_r\Debug\rc.write.1.tlog
D:\PROG\C++\HOMEWORK8\TASK8.1_R\TASK8.1_R\DEBUG\TASK8.1_R.EXE.EMBED.MANIFEST
D:\PROG\C++\HOMEWORK8\TASK8.1_R\TASK8.1_R\DEBUG\TASK8.1_R.EXE.EMBED.MANIFEST.RES
D:\Prog\C++\Homework8\Task8.1_r\Task8.1_r\Debug\Task8.1_r.exe.intermediate.manifest
D:\Prog\C++\Homework8\Task8.1_r\Task8.1_r\Debug\Task8.1_r_manifest.rc
D:\Prog\C++\Homework8\Task8.1_r\Task8.1_r\Debug\vc100.idb
D:\PROG\C++\HOMEWORK8\TASK8.1_R\TASK8.1_R\DEBUG\VC100.PDB
