Построение начато 11.12.2011 22:25:38.
     1>Проект "D:\Prog\C++\Homework11\Task11.1r\Task11.1r\Task11.1r.vcxproj" в узле 2 (целевые объекты build).
     1>InitializeBuildStatus:
         Создание "Debug\Task11.1r.unsuccessfulbuild", так как было задано "AlwaysCreate".
       ClCompile:
         C:\Program Files (x86)\Microsoft Visual Studio 10.0\VC\bin\CL.exe /c /ZI /nologo /W3 /WX- /Od /Oy- /D WIN32 /D _DEBUG /D _CONSOLE /D _UNICODE /D UNICODE /Gm /EHsc /RTC1 /MDd /GS /fp:precise /Zc:wchar_t /Zc:forScope /Fo"Debug\\" /Fd"Debug\vc100.pdb" /Gd /TP /analyze- /errorReport:prompt main.cpp
         main.cpp
     1>d:\prog\c++\homework11\task11.1r\task11.1r\main.cpp(75): warning C4018: <: несоответствие типов со знаком и без знака
       ManifestResourceCompile:
         Для всех выходных данных обновления не требуется.
       Link:
         C:\Program Files (x86)\Microsoft Visual Studio 10.0\VC\bin\link.exe /ERRORREPORT:PROMPT /OUT:"D:\Prog\C++\Homework11\Task11.1r\Debug\Task11.1r.exe" /INCREMENTAL /NOLOGO kernel32.lib user32.lib gdi32.lib winspool.lib comdlg32.lib advapi32.lib shell32.lib ole32.lib oleaut32.lib uuid.lib odbc32.lib odbccp32.lib /MANIFEST /ManifestFile:"Debug\Task11.1r.exe.intermediate.manifest" /MANIFESTUAC:"level='asInvoker' uiAccess='false'" /DEBUG /PDB:"D:\Prog\C++\Homework11\Task11.1r\Debug\Task11.1r.pdb" /SUBSYSTEM:CONSOLE /TLBID:1 /DYNAMICBASE /NXCOMPAT /IMPLIB:"D:\Prog\C++\Homework11\Task11.1r\Debug\Task11.1r.lib" /MACHINE:X86 Debug\Task11.1r.exe.embed.manifest.res
         Debug\main.obj
       Manifest:
         C:\Program Files (x86)\Microsoft SDKs\Windows\v7.0A\bin\mt.exe /nologo /verbose /out:"Debug\Task11.1r.exe.embed.manifest" /manifest Debug\Task11.1r.exe.intermediate.manifest
         Для всех выходных данных обновления не требуется.
       LinkEmbedManifest:
         Для всех выходных данных обновления не требуется.
         Task11.1r.vcxproj -> D:\Prog\C++\Homework11\Task11.1r\Debug\Task11.1r.exe
       FinalizeBuildStatus:
         Файл "Debug\Task11.1r.unsuccessfulbuild" удаляется.
         Обращение к "Debug\Task11.1r.lastbuildstate".
     1>Построение проекта "D:\Prog\C++\Homework11\Task11.1r\Task11.1r\Task11.1r.vcxproj" завершено (целевые объекты build).

Построение успешно завершено.

Затраченное время: 00:00:00.81
