Построение начато 04.03.2012 14:09:32.
     1>Проект "D:\Prog\C++\Task5.3\Task5.3\Task5.3.vcxproj" в узле 2 (целевые объекты build).
     1>PrepareForBuild:
         Создание каталога "D:\Prog\C++\Task5.3\Debug\".
       InitializeBuildStatus:
         Создание "Debug\Task5.3.unsuccessfulbuild", так как было задано "AlwaysCreate".
       ClCompile:
         C:\Program Files (x86)\Microsoft Visual Studio 10.0\VC\bin\CL.exe /c /ZI /nologo /W3 /WX- /Od /Oy- /D WIN32 /D _DEBUG /D _CONSOLE /D _UNICODE /D UNICODE /Gm /EHsc /RTC1 /MDd /GS /fp:precise /Zc:wchar_t /Zc:forScope /Fo"Debug\\" /Fd"Debug\vc100.pdb" /Gd /TP /analyze- /errorReport:prompt list.cpp main.cpp
         main.cpp
         list.cpp
         Создание кода...
       ManifestResourceCompile:
         C:\Program Files (x86)\Microsoft SDKs\Windows\v7.0A\bin\rc.exe /nologo /fo"Debug\Task5.3.exe.embed.manifest.res" Debug\Task5.3_manifest.rc 
       Link:
         C:\Program Files (x86)\Microsoft Visual Studio 10.0\VC\bin\link.exe /ERRORREPORT:PROMPT /OUT:"D:\Prog\C++\Task5.3\Debug\Task5.3.exe" /INCREMENTAL /NOLOGO kernel32.lib user32.lib gdi32.lib winspool.lib comdlg32.lib advapi32.lib shell32.lib ole32.lib oleaut32.lib uuid.lib odbc32.lib odbccp32.lib /MANIFEST /ManifestFile:"Debug\Task5.3.exe.intermediate.manifest" /MANIFESTUAC:"level='asInvoker' uiAccess='false'" /DEBUG /PDB:"D:\Prog\C++\Task5.3\Debug\Task5.3.pdb" /SUBSYSTEM:CONSOLE /TLBID:1 /DYNAMICBASE /NXCOMPAT /IMPLIB:"D:\Prog\C++\Task5.3\Debug\Task5.3.lib" /MACHINE:X86 Debug\Task5.3.exe.embed.manifest.res
         Debug\list.obj
         Debug\main.obj
       Manifest:
         C:\Program Files (x86)\Microsoft SDKs\Windows\v7.0A\bin\mt.exe /nologo /verbose /out:"Debug\Task5.3.exe.embed.manifest" /manifest Debug\Task5.3.exe.intermediate.manifest
         Для всех выходных данных обновления не требуется.
       LinkEmbedManifest:
         Для всех выходных данных обновления не требуется.
         Task5.3.vcxproj -> D:\Prog\C++\Task5.3\Debug\Task5.3.exe
       FinalizeBuildStatus:
         Файл "Debug\Task5.3.unsuccessfulbuild" удаляется.
         Обращение к "Debug\Task5.3.lastbuildstate".
     1>Построение проекта "D:\Prog\C++\Task5.3\Task5.3\Task5.3.vcxproj" завершено (целевые объекты build).

Построение успешно завершено.

Затраченное время: 00:00:02.30
