Построение начато 22.12.2011 19:03:53.
     1>Проект "D:\Prog\C++\Homework7\Task7.3\Task7.3\Task7.3.vcxproj" в узле 2 (целевые объекты build).
     1>InitializeBuildStatus:
         Создание "Debug\Task7.3.unsuccessfulbuild", так как было задано "AlwaysCreate".
       ClCompile:
         C:\Program Files (x86)\Microsoft Visual Studio 10.0\VC\bin\CL.exe /c /ZI /nologo /W3 /WX- /Od /Oy- /D WIN32 /D _DEBUG /D _CONSOLE /D _UNICODE /D UNICODE /Gm /EHsc /RTC1 /MDd /GS /fp:precise /Zc:wchar_t /Zc:forScope /Fo"Debug\\" /Fd"Debug\vc100.pdb" /Gd /TP /analyze- /errorReport:prompt main.cpp
         main.cpp
     1>d:\prog\c++\homework7\task7.3\task7.3\main.cpp(18): warning C4996: 'fscanf': This function or variable may be unsafe. Consider using fscanf_s instead. To disable deprecation, use _CRT_SECURE_NO_WARNINGS. See online help for details.
                 c:\program files (x86)\microsoft visual studio 10.0\vc\include\stdio.h(253): см. объявление "fscanf"
     1>d:\prog\c++\homework7\task7.3\task7.3\main.cpp(31): warning C4996: 'fscanf': This function or variable may be unsafe. Consider using fscanf_s instead. To disable deprecation, use _CRT_SECURE_NO_WARNINGS. See online help for details.
                 c:\program files (x86)\microsoft visual studio 10.0\vc\include\stdio.h(253): см. объявление "fscanf"
     1>d:\prog\c++\homework7\task7.3\task7.3\main.cpp(46): warning C4996: 'fopen': This function or variable may be unsafe. Consider using fopen_s instead. To disable deprecation, use _CRT_SECURE_NO_WARNINGS. See online help for details.
                 c:\program files (x86)\microsoft visual studio 10.0\vc\include\stdio.h(234): см. объявление "fopen"
       ManifestResourceCompile:
         Для всех выходных данных обновления не требуется.
       Link:
         C:\Program Files (x86)\Microsoft Visual Studio 10.0\VC\bin\link.exe /ERRORREPORT:PROMPT /OUT:"D:\Prog\C++\Homework7\Task7.3\Debug\Task7.3.exe" /INCREMENTAL /NOLOGO kernel32.lib user32.lib gdi32.lib winspool.lib comdlg32.lib advapi32.lib shell32.lib ole32.lib oleaut32.lib uuid.lib odbc32.lib odbccp32.lib /MANIFEST /ManifestFile:"Debug\Task7.3.exe.intermediate.manifest" /MANIFESTUAC:"level='asInvoker' uiAccess='false'" /DEBUG /PDB:"D:\Prog\C++\Homework7\Task7.3\Debug\Task7.3.pdb" /SUBSYSTEM:CONSOLE /TLBID:1 /DYNAMICBASE /NXCOMPAT /IMPLIB:"D:\Prog\C++\Homework7\Task7.3\Debug\Task7.3.lib" /MACHINE:X86 Debug\Task7.3.exe.embed.manifest.res
         Debug\main.obj
         Debug\parseTree.obj
       Manifest:
         C:\Program Files (x86)\Microsoft SDKs\Windows\v7.0A\bin\mt.exe /nologo /verbose /out:"Debug\Task7.3.exe.embed.manifest" /manifest Debug\Task7.3.exe.intermediate.manifest
         Для всех выходных данных обновления не требуется.
       LinkEmbedManifest:
         Для всех выходных данных обновления не требуется.
         Task7.3.vcxproj -> D:\Prog\C++\Homework7\Task7.3\Debug\Task7.3.exe
       FinalizeBuildStatus:
         Файл "Debug\Task7.3.unsuccessfulbuild" удаляется.
         Обращение к "Debug\Task7.3.lastbuildstate".
     1>Построение проекта "D:\Prog\C++\Homework7\Task7.3\Task7.3\Task7.3.vcxproj" завершено (целевые объекты build).

Построение успешно завершено.

Затраченное время: 00:00:00.72
