D:\PROG\C++\HOMEWORK7\TASK7.3\DEBUG\TASK7.3.EXE
D:\PROG\C++\HOMEWORK7\TASK7.3\DEBUG\TASK7.3.ILK
D:\PROG\C++\HOMEWORK7\TASK7.3\DEBUG\TASK7.3.PDB
D:\PROG\C++\HOMEWORK7\TASK7.3\TASK7.3\DEBUG\BINTREE.OBJ
D:\Prog\C++\Homework7\Task7.3\Task7.3\Debug\cl.command.1.tlog
D:\Prog\C++\Homework7\Task7.3\Task7.3\Debug\CL.read.1.tlog
D:\Prog\C++\Homework7\Task7.3\Task7.3\Debug\CL.write.1.tlog
D:\Prog\C++\Homework7\Task7.3\Task7.3\Debug\link.16856.read.1.tlog
D:\Prog\C++\Homework7\Task7.3\Task7.3\Debug\link.16856.write.1.tlog
D:\Prog\C++\Homework7\Task7.3\Task7.3\Debug\link.16856-cvtres.read.1.tlog
D:\Prog\C++\Homework7\Task7.3\Task7.3\Debug\link.16856-cvtres.write.1.tlog
D:\Prog\C++\Homework7\Task7.3\Task7.3\Debug\link.18752.read.1.tlog
D:\Prog\C++\Homework7\Task7.3\Task7.3\Debug\link.18752.write.1.tlog
D:\Prog\C++\Homework7\Task7.3\Task7.3\Debug\link.18752-cvtres.read.1.tlog
D:\Prog\C++\Homework7\Task7.3\Task7.3\Debug\link.18752-cvtres.write.1.tlog
D:\Prog\C++\Homework7\Task7.3\Task7.3\Debug\link.19228.read.1.tlog
D:\Prog\C++\Homework7\Task7.3\Task7.3\Debug\link.19228.write.1.tlog
D:\Prog\C++\Homework7\Task7.3\Task7.3\Debug\link.19228-cvtres.read.1.tlog
D:\Prog\C++\Homework7\Task7.3\Task7.3\Debug\link.19228-cvtres.write.1.tlog
D:\Prog\C++\Homework7\Task7.3\Task7.3\Debug\link.19416.read.1.tlog
D:\Prog\C++\Homework7\Task7.3\Task7.3\Debug\link.19416.write.1.tlog
D:\Prog\C++\Homework7\Task7.3\Task7.3\Debug\link.19416-cvtres.read.1.tlog
D:\Prog\C++\Homework7\Task7.3\Task7.3\Debug\link.19416-cvtres.write.1.tlog
D:\Prog\C++\Homework7\Task7.3\Task7.3\Debug\link.22544.read.1.tlog
D:\Prog\C++\Homework7\Task7.3\Task7.3\Debug\link.22544.write.1.tlog
D:\Prog\C++\Homework7\Task7.3\Task7.3\Debug\link.22544-cvtres.read.1.tlog
D:\Prog\C++\Homework7\Task7.3\Task7.3\Debug\link.22544-cvtres.write.1.tlog
D:\Prog\C++\Homework7\Task7.3\Task7.3\Debug\link.23784.read.1.tlog
D:\Prog\C++\Homework7\Task7.3\Task7.3\Debug\link.23784.write.1.tlog
D:\Prog\C++\Homework7\Task7.3\Task7.3\Debug\link.23784-cvtres.read.1.tlog
D:\Prog\C++\Homework7\Task7.3\Task7.3\Debug\link.23784-cvtres.write.1.tlog
D:\Prog\C++\Homework7\Task7.3\Task7.3\Debug\link.command.1.tlog
D:\Prog\C++\Homework7\Task7.3\Task7.3\Debug\link.read.1.tlog
D:\Prog\C++\Homework7\Task7.3\Task7.3\Debug\link.write.1.tlog
D:\Prog\C++\Homework7\Task7.3\Task7.3\Debug\link-cvtres.read.1.tlog
D:\Prog\C++\Homework7\Task7.3\Task7.3\Debug\link-cvtres.write.1.tlog
D:\PROG\C++\HOMEWORK7\TASK7.3\TASK7.3\DEBUG\MAIN.OBJ
D:\Prog\C++\Homework7\Task7.3\Task7.3\Debug\mt.command.1.tlog
D:\Prog\C++\Homework7\Task7.3\Task7.3\Debug\mt.read.1.tlog
D:\Prog\C++\Homework7\Task7.3\Task7.3\Debug\mt.write.1.tlog
D:\PROG\C++\HOMEWORK7\TASK7.3\TASK7.3\DEBUG\PARSETREE.OBJ
D:\Prog\C++\Homework7\Task7.3\Task7.3\Debug\rc.command.1.tlog
D:\Prog\C++\Homework7\Task7.3\Task7.3\Debug\rc.read.1.tlog
D:\Prog\C++\Homework7\Task7.3\Task7.3\Debug\rc.write.1.tlog
D:\PROG\C++\HOMEWORK7\TASK7.3\TASK7.3\DEBUG\TASK7.3.EXE.EMBED.MANIFEST
D:\PROG\C++\HOMEWORK7\TASK7.3\TASK7.3\DEBUG\TASK7.3.EXE.EMBED.MANIFEST.RES
D:\PROG\C++\HOMEWORK7\TASK7.3\TASK7.3\DEBUG\TASK7.3.EXE.INTERMEDIATE.MANIFEST
D:\Prog\C++\Homework7\Task7.3\Task7.3\Debug\Task7.3_manifest.rc
D:\Prog\C++\Homework7\Task7.3\Task7.3\Debug\vc100.idb
D:\PROG\C++\HOMEWORK7\TASK7.3\TASK7.3\DEBUG\VC100.PDB
